2026-01-19 11:37:18 INFO  c.s.s.StudentManagementApplication - Starting StudentManagementApplication using Java 21.0.9 with PID 1064 (C:\Abdul Gani Practice\Spring and Spring Boot\Spring boot Project\student_management_with_relationship\target\classes started by memon in C:\Abdul Gani Practice\Spring and Spring Boot\Spring boot Project\student_management_with_relationship)
2026-01-19 11:37:18 INFO  c.s.s.StudentManagementApplication - No active profile set, falling back to 1 default profile: "default"
2026-01-19 11:37:18 INFO  o.s.b.d.e.DevToolsPropertyDefaultsPostProcessor - Devtools property defaults active! Set 'spring.devtools.add-properties' to 'false' to disable
2026-01-19 11:37:18 INFO  o.s.b.d.e.DevToolsPropertyDefaultsPostProcessor - For additional web related logging consider setting the 'logging.level.web' property to 'DEBUG'
2026-01-19 11:37:18 INFO  o.h.validator.internal.util.Version - HV000001: Hibernate Validator 9.0.1.Final
2026-01-19 11:37:19 INFO  o.s.d.r.c.RepositoryConfigurationDelegate - Bootstrapping Spring Data JPA repositories in DEFAULT mode.
2026-01-19 11:37:19 INFO  o.s.d.r.c.RepositoryConfigurationDelegate - Finished Spring Data repository scanning in 69 ms. Found 2 JPA repository interfaces.
2026-01-19 11:37:20 INFO  o.s.boot.tomcat.TomcatWebServer - Tomcat initialized with port 8080 (http)
2026-01-19 11:37:20 INFO  o.a.coyote.http11.Http11NioProtocol - Initializing ProtocolHandler ["http-nio-8080"]
2026-01-19 11:37:20 INFO  o.a.catalina.core.StandardService - Starting service [Tomcat]
2026-01-19 11:37:20 INFO  o.a.catalina.core.StandardEngine - Starting Servlet engine: [Apache Tomcat/11.0.14]
2026-01-19 11:37:20 INFO  o.s.b.w.c.s.WebApplicationContextInitializer - Root WebApplicationContext: initialization completed in 1787 ms
2026-01-19 11:37:20 INFO  o.h.jpa.internal.util.LogHelper - HHH000204: Processing PersistenceUnitInfo [name: default]
2026-01-19 11:37:20 INFO  org.hibernate.Version - HHH000412: Hibernate ORM core version 7.1.8.Final
2026-01-19 11:37:21 INFO  o.s.o.j.p.SpringPersistenceUnitInfo - No LoadTimeWeaver setup: ignoring JPA class transformer
2026-01-19 11:37:21 INFO  com.zaxxer.hikari.HikariDataSource - HikariPool-1 - Starting...
2026-01-19 11:37:21 INFO  com.zaxxer.hikari.pool.HikariPool - HikariPool-1 - Added connection com.mysql.cj.jdbc.ConnectionImpl@4a621b0b
2026-01-19 11:37:21 INFO  com.zaxxer.hikari.HikariDataSource - HikariPool-1 - Start completed.
2026-01-19 11:37:21 INFO  o.hibernate.orm.connections.pooling - HHH10001005: Database info:
	Database JDBC URL [jdbc:mysql://localhost:3306/student_management?createDatabaseIfNotExist=true]
	Database driver: MySQL Connector/J
	Database dialect: MySQLDialect
	Database version: 8.0.39
	Default catalog/schema: student_management/undefined
	Autocommit mode: undefined/unknown
	Isolation level: REPEATABLE_READ [default REPEATABLE_READ]
	JDBC fetch size: none
	Pool: DatasourceConnectionProviderImpl
	Minimum pool size: undefined/unknown
	Maximum pool size: undefined/unknown
2026-01-19 11:37:22 INFO  o.h.e.t.j.p.i.JtaPlatformInitiator - HHH000489: No JTA platform available (set 'hibernate.transaction.jta.platform' to enable JTA platform integration)
2026-01-19 11:37:23 INFO  o.s.o.j.LocalContainerEntityManagerFactoryBean - Initialized JPA EntityManagerFactory for persistence unit 'default'
2026-01-19 11:37:23 INFO  o.s.d.j.r.q.QueryEnhancerFactories - Hibernate is in classpath; If applicable, HQL parser will be used.
2026-01-19 11:37:24 WARN  o.s.b.j.a.JpaBaseConfiguration$JpaWebConfiguration - spring.jpa.open-in-view is enabled by default. Therefore, database queries may be performed during view rendering. Explicitly configure spring.jpa.open-in-view to disable this warning
2026-01-19 11:37:24 INFO  o.a.coyote.http11.Http11NioProtocol - Starting ProtocolHandler ["http-nio-8080"]
2026-01-19 11:37:24 INFO  o.s.boot.tomcat.TomcatWebServer - Tomcat started on port 8080 (http) with context path '/'
2026-01-19 11:37:24 INFO  c.s.s.StudentManagementApplication - Started StudentManagementApplication in 6.881 seconds (process running for 8.185)
2026-01-19 11:37:30 INFO  o.a.c.c.C.[Tomcat].[localhost].[/] - Initializing Spring DispatcherServlet 'dispatcherServlet'
2026-01-19 11:37:30 INFO  o.s.web.servlet.DispatcherServlet - Initializing Servlet 'dispatcherServlet'
2026-01-19 11:37:30 INFO  o.s.web.servlet.DispatcherServlet - Completed initialization in 2 ms
2026-01-19 11:37:31 TRACE org.hibernate.orm.jdbc.bind - binding parameter (1:INTEGER) <- [0]
2026-01-19 11:37:31 TRACE org.hibernate.orm.jdbc.bind - binding parameter (2:INTEGER) <- [10]
2026-01-19 11:37:31 TRACE org.hibernate.orm.jdbc.bind - binding parameter (1:BIGINT) <- [2]
2026-01-19 11:37:31 TRACE org.hibernate.orm.jdbc.bind - binding parameter (1:BIGINT) <- [6]
2026-01-19 11:37:31 TRACE org.hibernate.orm.jdbc.bind - binding parameter (1:BIGINT) <- [4]
2026-01-19 11:37:45 TRACE org.hibernate.orm.jdbc.bind - binding parameter (1:VARCHAR) <- [Male]
2026-01-19 11:37:45 TRACE org.hibernate.orm.jdbc.bind - binding parameter (2:INTEGER) <- [0]
2026-01-19 11:37:45 TRACE org.hibernate.orm.jdbc.bind - binding parameter (3:INTEGER) <- [10]
2026-01-19 11:37:45 TRACE org.hibernate.orm.jdbc.bind - binding parameter (1:BIGINT) <- [2]
2026-01-19 11:37:45 TRACE org.hibernate.orm.jdbc.bind - binding parameter (1:BIGINT) <- [4]
2026-01-19 11:37:51 TRACE org.hibernate.orm.jdbc.bind - binding parameter (1:INTEGER) <- [0]
2026-01-19 11:37:51 TRACE org.hibernate.orm.jdbc.bind - binding parameter (2:INTEGER) <- [10]
2026-01-19 11:37:51 TRACE org.hibernate.orm.jdbc.bind - binding parameter (1:BIGINT) <- [2]
2026-01-19 11:37:51 TRACE org.hibernate.orm.jdbc.bind - binding parameter (1:BIGINT) <- [6]
2026-01-19 11:37:51 TRACE org.hibernate.orm.jdbc.bind - binding parameter (1:BIGINT) <- [4]
2026-01-19 11:37:56 TRACE org.hibernate.orm.jdbc.bind - binding parameter (1:INTEGER) <- [0]
2026-01-19 11:37:56 TRACE org.hibernate.orm.jdbc.bind - binding parameter (2:INTEGER) <- [5]
2026-01-19 11:37:56 TRACE org.hibernate.orm.jdbc.bind - binding parameter (1:BIGINT) <- [2]
2026-01-19 11:37:56 TRACE org.hibernate.orm.jdbc.bind - binding parameter (1:BIGINT) <- [6]
2026-01-19 11:37:58 TRACE org.hibernate.orm.jdbc.bind - binding parameter (1:INTEGER) <- [5]
2026-01-19 11:37:58 TRACE org.hibernate.orm.jdbc.bind - binding parameter (2:INTEGER) <- [5]
2026-01-19 11:37:58 TRACE org.hibernate.orm.jdbc.bind - binding parameter (1:BIGINT) <- [6]
2026-01-19 11:37:58 TRACE org.hibernate.orm.jdbc.bind - binding parameter (1:BIGINT) <- [4]
2026-01-19 11:37:59 TRACE org.hibernate.orm.jdbc.bind - binding parameter (1:INTEGER) <- [0]
2026-01-19 11:37:59 TRACE org.hibernate.orm.jdbc.bind - binding parameter (2:INTEGER) <- [5]
2026-01-19 11:37:59 TRACE org.hibernate.orm.jdbc.bind - binding parameter (1:BIGINT) <- [2]
2026-01-19 11:37:59 TRACE org.hibernate.orm.jdbc.bind - binding parameter (1:BIGINT) <- [6]
2026-01-19 11:38:02 TRACE org.hibernate.orm.jdbc.bind - binding parameter (1:INTEGER) <- [5]
2026-01-19 11:38:02 TRACE org.hibernate.orm.jdbc.bind - binding parameter (2:INTEGER) <- [5]
2026-01-19 11:38:02 TRACE org.hibernate.orm.jdbc.bind - binding parameter (1:BIGINT) <- [6]
2026-01-19 11:38:02 TRACE org.hibernate.orm.jdbc.bind - binding parameter (1:BIGINT) <- [4]
2026-01-19 11:38:15 TRACE org.hibernate.orm.jdbc.bind - binding parameter (1:INTEGER) <- [0]
2026-01-19 11:38:15 TRACE org.hibernate.orm.jdbc.bind - binding parameter (2:INTEGER) <- [10]
2026-01-19 11:38:15 TRACE org.hibernate.orm.jdbc.bind - binding parameter (1:BIGINT) <- [2]
2026-01-19 11:38:15 TRACE org.hibernate.orm.jdbc.bind - binding parameter (1:BIGINT) <- [6]
2026-01-19 11:38:15 TRACE org.hibernate.orm.jdbc.bind - binding parameter (1:BIGINT) <- [4]
2026-01-19 11:39:42 TRACE org.hibernate.orm.jdbc.bind - binding parameter (1:VARCHAR) <- [memonabdulgani3d@gmail.com]
2026-01-19 11:39:42 TRACE org.hibernate.orm.jdbc.bind - binding parameter (2:INTEGER) <- [0]
2026-01-19 11:39:42 TRACE org.hibernate.orm.jdbc.bind - binding parameter (3:INTEGER) <- [1]
2026-01-19 11:39:51 TRACE org.hibernate.orm.jdbc.bind - binding parameter (1:VARCHAR) <- [memonabdulgani313@gmail.com]
2026-01-19 11:39:51 TRACE org.hibernate.orm.jdbc.bind - binding parameter (2:INTEGER) <- [0]
2026-01-19 11:39:51 TRACE org.hibernate.orm.jdbc.bind - binding parameter (3:INTEGER) <- [1]
2026-01-19 11:40:02 TRACE org.hibernate.orm.jdbc.bind - binding parameter (1:VARCHAR) <- [memonabdulgani313@gmail.com]
2026-01-19 11:40:02 TRACE org.hibernate.orm.jdbc.bind - binding parameter (2:INTEGER) <- [0]
2026-01-19 11:40:02 TRACE org.hibernate.orm.jdbc.bind - binding parameter (3:INTEGER) <- [1]
2026-01-19 11:40:33 TRACE org.hibernate.orm.jdbc.bind - binding parameter (1:VARCHAR) <- [memonabdulgani313@gmail.com]
2026-01-19 11:40:33 TRACE org.hibernate.orm.jdbc.bind - binding parameter (2:INTEGER) <- [0]
2026-01-19 11:40:33 TRACE org.hibernate.orm.jdbc.bind - binding parameter (3:INTEGER) <- [1]
2026-01-19 11:41:31 TRACE org.hibernate.orm.jdbc.bind - binding parameter (1:VARCHAR) <- [memonabdulgani313@gmail.com]
2026-01-19 11:41:31 TRACE org.hibernate.orm.jdbc.bind - binding parameter (2:INTEGER) <- [1]
2026-01-19 11:41:31 TRACE org.hibernate.orm.jdbc.bind - binding parameter (1:VARCHAR) <- [Mumbai]
2026-01-19 11:41:31 TRACE org.hibernate.orm.jdbc.bind - binding parameter (2:INTEGER) <- [26]
2026-01-19 11:41:31 TRACE org.hibernate.orm.jdbc.bind - binding parameter (3:TIMESTAMP) <- [2026-01-19T11:41:31.737833]
2026-01-19 11:41:31 TRACE org.hibernate.orm.jdbc.bind - binding parameter (4:VARCHAR) <- [MEMON ABDUL GANI]
2026-01-19 11:41:31 TRACE org.hibernate.orm.jdbc.bind - binding parameter (5:BIGINT) <- [null]
2026-01-19 11:41:31 TRACE org.hibernate.orm.jdbc.bind - binding parameter (6:VARCHAR) <- [memonabdulgani313@gmail.com]
2026-01-19 11:41:31 TRACE org.hibernate.orm.jdbc.bind - binding parameter (7:VARCHAR) <- [Memon]
2026-01-19 11:41:31 TRACE org.hibernate.orm.jdbc.bind - binding parameter (8:VARCHAR) <- [Male]
2026-01-19 11:41:31 TRACE org.hibernate.orm.jdbc.bind - binding parameter (9:VARCHAR) <- [Abdul Gani]
2026-01-19 11:41:31 TRACE org.hibernate.orm.jdbc.bind - binding parameter (10:DOUBLE) <- [50.0]
2026-01-19 11:41:35 TRACE org.hibernate.orm.jdbc.bind - binding parameter (1:INTEGER) <- [11]
2026-01-19 11:41:42 TRACE org.hibernate.orm.jdbc.bind - binding parameter (1:INTEGER) <- [0]
2026-01-19 11:41:42 TRACE org.hibernate.orm.jdbc.bind - binding parameter (2:INTEGER) <- [10]
2026-01-19 11:41:42 TRACE org.hibernate.orm.jdbc.bind - binding parameter (1:BIGINT) <- [2]
2026-01-19 11:41:42 TRACE org.hibernate.orm.jdbc.bind - binding parameter (1:BIGINT) <- [6]
2026-01-19 11:41:42 TRACE org.hibernate.orm.jdbc.bind - binding parameter (1:BIGINT) <- [4]
2026-01-19 11:41:45 TRACE org.hibernate.orm.jdbc.bind - binding parameter (1:INTEGER) <- [11]
2026-01-19 11:41:46 TRACE org.hibernate.orm.jdbc.bind - binding parameter (1:INTEGER) <- [0]
2026-01-19 11:41:46 TRACE org.hibernate.orm.jdbc.bind - binding parameter (2:INTEGER) <- [10]
2026-01-19 11:41:46 TRACE org.hibernate.orm.jdbc.bind - binding parameter (1:BIGINT) <- [2]
2026-01-19 11:41:46 TRACE org.hibernate.orm.jdbc.bind - binding parameter (1:BIGINT) <- [6]
2026-01-19 11:41:46 TRACE org.hibernate.orm.jdbc.bind - binding parameter (1:BIGINT) <- [4]
2026-01-19 11:41:49 TRACE org.hibernate.orm.jdbc.bind - binding parameter (1:INTEGER) <- [11]
2026-01-19 11:42:05 TRACE org.hibernate.orm.jdbc.bind - binding parameter (1:INTEGER) <- [11]
2026-01-19 11:42:10 TRACE org.hibernate.orm.jdbc.bind - binding parameter (1:VARCHAR) <- [memonabdulgani313@gmail.com]
2026-01-19 11:42:10 TRACE org.hibernate.orm.jdbc.bind - binding parameter (2:INTEGER) <- [11]
2026-01-19 11:42:10 TRACE org.hibernate.orm.jdbc.bind - binding parameter (3:INTEGER) <- [1]
2026-01-19 11:42:16 TRACE org.hibernate.orm.jdbc.bind - binding parameter (1:VARCHAR) <- [memonabdulgani3d@gmail.com]
2026-01-19 11:42:16 TRACE org.hibernate.orm.jdbc.bind - binding parameter (2:INTEGER) <- [11]
2026-01-19 11:42:16 TRACE org.hibernate.orm.jdbc.bind - binding parameter (3:INTEGER) <- [1]
2026-01-19 11:42:24 TRACE org.hibernate.orm.jdbc.bind - binding parameter (1:VARCHAR) <- [memonabdulgani313@gmail.com]
2026-01-19 11:42:24 TRACE org.hibernate.orm.jdbc.bind - binding parameter (2:INTEGER) <- [11]
2026-01-19 11:42:24 TRACE org.hibernate.orm.jdbc.bind - binding parameter (3:INTEGER) <- [1]
2026-01-19 11:42:28 TRACE org.hibernate.orm.jdbc.bind - binding parameter (1:VARCHAR) <- [memonabdulgani313@gmail.com]
2026-01-19 11:42:28 TRACE org.hibernate.orm.jdbc.bind - binding parameter (2:INTEGER) <- [11]
2026-01-19 11:42:28 TRACE org.hibernate.orm.jdbc.bind - binding parameter (3:INTEGER) <- [1]
2026-01-19 11:42:32 TRACE org.hibernate.orm.jdbc.bind - binding parameter (1:INTEGER) <- [11]
2026-01-19 11:42:32 TRACE org.hibernate.orm.jdbc.bind - binding parameter (1:VARCHAR) <- [Kharghar]
2026-01-19 11:42:32 TRACE org.hibernate.orm.jdbc.bind - binding parameter (2:INTEGER) <- [26]
2026-01-19 11:42:32 TRACE org.hibernate.orm.jdbc.bind - binding parameter (3:BIGINT) <- [null]
2026-01-19 11:42:32 TRACE org.hibernate.orm.jdbc.bind - binding parameter (4:VARCHAR) <- [memonabdulgani313@gmail.com]
2026-01-19 11:42:32 TRACE org.hibernate.orm.jdbc.bind - binding parameter (5:VARCHAR) <- [Memon]
2026-01-19 11:42:32 TRACE org.hibernate.orm.jdbc.bind - binding parameter (6:VARCHAR) <- [Male]
2026-01-19 11:42:32 TRACE org.hibernate.orm.jdbc.bind - binding parameter (7:VARCHAR) <- [Abdul Gani]
2026-01-19 11:42:32 TRACE org.hibernate.orm.jdbc.bind - binding parameter (8:DOUBLE) <- [50.0]
2026-01-19 11:42:32 TRACE org.hibernate.orm.jdbc.bind - binding parameter (9:TIMESTAMP) <- [2026-01-19T11:42:32.502108100]
2026-01-19 11:42:32 TRACE org.hibernate.orm.jdbc.bind - binding parameter (10:VARCHAR) <- [MEMON ABDUL GANI]
2026-01-19 11:42:32 TRACE org.hibernate.orm.jdbc.bind - binding parameter (11:INTEGER) <- [11]
2026-01-19 11:42:32 TRACE org.hibernate.orm.jdbc.bind - binding parameter (1:INTEGER) <- [11]
2026-01-19 11:42:51 TRACE org.hibernate.orm.jdbc.bind - binding parameter (1:INTEGER) <- [0]
2026-01-19 11:42:51 TRACE org.hibernate.orm.jdbc.bind - binding parameter (2:INTEGER) <- [10]
2026-01-19 11:42:51 TRACE org.hibernate.orm.jdbc.bind - binding parameter (1:BIGINT) <- [2]
2026-01-19 11:42:51 TRACE org.hibernate.orm.jdbc.bind - binding parameter (1:BIGINT) <- [6]
2026-01-19 11:42:51 TRACE org.hibernate.orm.jdbc.bind - binding parameter (1:BIGINT) <- [4]
2026-01-19 11:42:53 TRACE org.hibernate.orm.jdbc.bind - binding parameter (1:INTEGER) <- [11]
2026-01-19 11:43:15 TRACE org.hibernate.orm.jdbc.bind - binding parameter (1:VARCHAR) <- [Mech]
2026-01-19 11:43:15 TRACE org.hibernate.orm.jdbc.bind - binding parameter (2:VARCHAR) <- [Mumbai]
2026-01-19 11:43:15 TRACE org.hibernate.orm.jdbc.bind - binding parameter (3:INTEGER) <- [1]
2026-01-19 11:43:15 WARN  o.s.w.s.m.m.a.ExceptionHandlerExceptionResolver - Resolved [StudentException(status=409 CONFLICT)]
2026-01-19 11:43:20 TRACE org.hibernate.orm.jdbc.bind - binding parameter (1:VARCHAR) <- [Mech]
2026-01-19 11:43:20 TRACE org.hibernate.orm.jdbc.bind - binding parameter (2:VARCHAR) <- [Pune]
2026-01-19 11:43:20 TRACE org.hibernate.orm.jdbc.bind - binding parameter (3:INTEGER) <- [1]
2026-01-19 11:43:20 WARN  o.s.w.s.m.m.a.ExceptionHandlerExceptionResolver - Resolved [StudentException(status=409 CONFLICT)]
2026-01-19 11:43:25 TRACE org.hibernate.orm.jdbc.bind - binding parameter (1:VARCHAR) <- [Mech]
2026-01-19 11:43:25 TRACE org.hibernate.orm.jdbc.bind - binding parameter (2:VARCHAR) <- [Delhi]
2026-01-19 11:43:25 TRACE org.hibernate.orm.jdbc.bind - binding parameter (3:INTEGER) <- [1]
2026-01-19 11:43:25 TRACE org.hibernate.orm.jdbc.bind - binding parameter (1:TIMESTAMP) <- [2026-01-19T11:43:25.346838200]
2026-01-19 11:43:25 TRACE org.hibernate.orm.jdbc.bind - binding parameter (2:VARCHAR) <- [MEMON ABDUL GANI]
2026-01-19 11:43:25 TRACE org.hibernate.orm.jdbc.bind - binding parameter (3:VARCHAR) <- [Mech]
2026-01-19 11:43:25 TRACE org.hibernate.orm.jdbc.bind - binding parameter (4:VARCHAR) <- [Delhi]
2026-01-19 11:43:40 TRACE org.hibernate.orm.jdbc.bind - binding parameter (1:INTEGER) <- [0]
2026-01-19 11:43:40 TRACE org.hibernate.orm.jdbc.bind - binding parameter (2:INTEGER) <- [10]
2026-01-19 11:43:40 TRACE org.hibernate.orm.jdbc.bind - binding parameter (1:BIGINT) <- [2]
2026-01-19 11:43:40 TRACE org.hibernate.orm.jdbc.bind - binding parameter (1:BIGINT) <- [6]
2026-01-19 11:43:40 TRACE org.hibernate.orm.jdbc.bind - binding parameter (1:BIGINT) <- [4]
2026-01-19 11:43:42 TRACE org.hibernate.orm.jdbc.bind - binding parameter (1:INTEGER) <- [11]
2026-01-19 11:43:44 TRACE org.hibernate.orm.jdbc.bind - binding parameter (1:INTEGER) <- [11]
2026-01-19 11:44:23 TRACE org.hibernate.orm.jdbc.bind - binding parameter (1:INTEGER) <- [11]
2026-01-19 11:44:23 TRACE org.hibernate.orm.jdbc.bind - binding parameter (1:BIGINT) <- [8]
2026-01-19 11:44:23 TRACE org.hibernate.orm.jdbc.bind - binding parameter (1:VARCHAR) <- [Kharghar]
2026-01-19 11:44:23 TRACE org.hibernate.orm.jdbc.bind - binding parameter (2:INTEGER) <- [26]
2026-01-19 11:44:23 TRACE org.hibernate.orm.jdbc.bind - binding parameter (3:BIGINT) <- [8]
2026-01-19 11:44:23 TRACE org.hibernate.orm.jdbc.bind - binding parameter (4:VARCHAR) <- [memonabdulgani313@gmail.com]
2026-01-19 11:44:23 TRACE org.hibernate.orm.jdbc.bind - binding parameter (5:VARCHAR) <- [Memon]
2026-01-19 11:44:23 TRACE org.hibernate.orm.jdbc.bind - binding parameter (6:VARCHAR) <- [Male]
2026-01-19 11:44:23 TRACE org.hibernate.orm.jdbc.bind - binding parameter (7:VARCHAR) <- [Abdul Gani]
2026-01-19 11:44:23 TRACE org.hibernate.orm.jdbc.bind - binding parameter (8:DOUBLE) <- [50.0]
2026-01-19 11:44:23 TRACE org.hibernate.orm.jdbc.bind - binding parameter (9:TIMESTAMP) <- [2026-01-19T11:44:23.759491800]
2026-01-19 11:44:23 TRACE org.hibernate.orm.jdbc.bind - binding parameter (10:VARCHAR) <- [MEMON ABDUL GANI]
2026-01-19 11:44:23 TRACE org.hibernate.orm.jdbc.bind - binding parameter (11:INTEGER) <- [11]
2026-01-19 11:44:25 TRACE org.hibernate.orm.jdbc.bind - binding parameter (1:INTEGER) <- [11]
2026-01-19 11:44:36 TRACE org.hibernate.orm.jdbc.bind - binding parameter (1:BIGINT) <- [8]
2026-01-19 11:44:36 TRACE org.hibernate.orm.jdbc.bind - binding parameter (1:BIGINT) <- [8]
2026-01-19 11:44:36 TRACE org.hibernate.orm.jdbc.bind - binding parameter (1:VARCHAR) <- [Kharghar]
2026-01-19 11:44:36 TRACE org.hibernate.orm.jdbc.bind - binding parameter (2:INTEGER) <- [26]
2026-01-19 11:44:36 TRACE org.hibernate.orm.jdbc.bind - binding parameter (3:BIGINT) <- [null]
2026-01-19 11:44:36 TRACE org.hibernate.orm.jdbc.bind - binding parameter (4:VARCHAR) <- [memonabdulgani313@gmail.com]
2026-01-19 11:44:36 TRACE org.hibernate.orm.jdbc.bind - binding parameter (5:VARCHAR) <- [Memon]
2026-01-19 11:44:36 TRACE org.hibernate.orm.jdbc.bind - binding parameter (6:VARCHAR) <- [Male]
2026-01-19 11:44:36 TRACE org.hibernate.orm.jdbc.bind - binding parameter (7:VARCHAR) <- [Abdul Gani]
2026-01-19 11:44:36 TRACE org.hibernate.orm.jdbc.bind - binding parameter (8:DOUBLE) <- [50.0]
2026-01-19 11:44:36 TRACE org.hibernate.orm.jdbc.bind - binding parameter (9:TIMESTAMP) <- [2026-01-19T11:44:36.391270200]
2026-01-19 11:44:36 TRACE org.hibernate.orm.jdbc.bind - binding parameter (10:VARCHAR) <- [MEMON ABDUL GANI]
2026-01-19 11:44:36 TRACE org.hibernate.orm.jdbc.bind - binding parameter (11:INTEGER) <- [11]
2026-01-19 11:44:36 TRACE org.hibernate.orm.jdbc.bind - binding parameter (1:BIGINT) <- [8]
2026-01-19 11:44:39 TRACE org.hibernate.orm.jdbc.bind - binding parameter (1:INTEGER) <- [0]
2026-01-19 11:44:39 TRACE org.hibernate.orm.jdbc.bind - binding parameter (2:INTEGER) <- [10]
2026-01-19 11:44:39 TRACE org.hibernate.orm.jdbc.bind - binding parameter (1:BIGINT) <- [2]
2026-01-19 11:44:39 TRACE org.hibernate.orm.jdbc.bind - binding parameter (1:BIGINT) <- [6]
2026-01-19 11:44:39 TRACE org.hibernate.orm.jdbc.bind - binding parameter (1:BIGINT) <- [4]
2026-01-19 11:44:41 TRACE org.hibernate.orm.jdbc.bind - binding parameter (1:INTEGER) <- [11]
2026-01-19 11:44:55 TRACE org.hibernate.orm.jdbc.bind - binding parameter (1:BIGINT) <- [4]
2026-01-19 11:44:59 TRACE org.hibernate.orm.jdbc.bind - binding parameter (1:BIGINT) <- [4]
2026-01-19 11:44:59 TRACE org.hibernate.orm.jdbc.bind - binding parameter (1:VARCHAR) <- [Mech]
2026-01-19 11:44:59 TRACE org.hibernate.orm.jdbc.bind - binding parameter (2:VARCHAR) <- [Delhi]
2026-01-19 11:44:59 TRACE org.hibernate.orm.jdbc.bind - binding parameter (3:TIMESTAMP) <- [2026-01-19T11:44:59.869040700]
2026-01-19 11:44:59 TRACE org.hibernate.orm.jdbc.bind - binding parameter (4:VARCHAR) <- [MEMON ABDUL GANI]
2026-01-19 11:44:59 TRACE org.hibernate.orm.jdbc.bind - binding parameter (5:BIGINT) <- [4]
2026-01-19 11:44:59 TRACE org.hibernate.orm.jdbc.bind - binding parameter (1:BIGINT) <- [4]
2026-01-19 11:59:58 INFO  o.s.boot.tomcat.GracefulShutdown - Commencing graceful shutdown. Waiting for active requests to complete
2026-01-19 11:59:58 INFO  o.s.boot.tomcat.GracefulShutdown - Graceful shutdown complete
2026-01-19 11:59:58 INFO  o.s.o.j.LocalContainerEntityManagerFactoryBean - Closing JPA EntityManagerFactory for persistence unit 'default'
2026-01-19 11:59:58 INFO  com.zaxxer.hikari.HikariDataSource - HikariPool-1 - Shutdown initiated...
2026-01-19 11:59:58 INFO  com.zaxxer.hikari.HikariDataSource - HikariPool-1 - Shutdown completed.
