2026-01-18 15:41:10 WARN  com.zaxxer.hikari.pool.HikariPool - HikariPool-1 - Thread starvation or clock leap detected (housekeeper delta=19h33m43s59ms790µs300ns).
2026-01-18 16:07:55 WARN  com.zaxxer.hikari.pool.HikariPool - HikariPool-1 - Thread starvation or clock leap detected (housekeeper delta=8m14s640ms638µs).
2026-01-18 16:13:06 TRACE org.hibernate.orm.jdbc.bind - binding parameter (1:BIGINT) <- [7]
2026-01-18 16:13:16 TRACE org.hibernate.orm.jdbc.bind - binding parameter (1:BIGINT) <- [7]
2026-01-18 16:13:16 TRACE org.hibernate.orm.jdbc.bind - binding parameter (1:VARCHAR) <- [IT]
2026-01-18 16:13:16 TRACE org.hibernate.orm.jdbc.bind - binding parameter (2:VARCHAR) <- [Pune]
2026-01-18 16:13:16 TRACE org.hibernate.orm.jdbc.bind - binding parameter (3:TIMESTAMP) <- [2026-01-18T16:13:16.593714600]
2026-01-18 16:13:16 TRACE org.hibernate.orm.jdbc.bind - binding parameter (4:VARCHAR) <- [MEMON ABDUL GANI]
2026-01-18 16:13:16 TRACE org.hibernate.orm.jdbc.bind - binding parameter (5:BIGINT) <- [7]
2026-01-18 16:13:16 TRACE org.hibernate.orm.jdbc.bind - binding parameter (1:BIGINT) <- [7]
2026-01-18 16:13:33 TRACE org.hibernate.orm.jdbc.bind - binding parameter (1:BIGINT) <- [2]
2026-01-18 16:14:01 TRACE org.hibernate.orm.jdbc.bind - binding parameter (1:BIGINT) <- [3]
2026-01-18 16:14:04 TRACE org.hibernate.orm.jdbc.bind - binding parameter (1:INTEGER) <- [0]
2026-01-18 16:14:04 TRACE org.hibernate.orm.jdbc.bind - binding parameter (2:INTEGER) <- [10]
2026-01-18 16:14:04 TRACE org.hibernate.orm.jdbc.bind - binding parameter (1:BIGINT) <- [2]
2026-01-18 16:14:04 TRACE org.hibernate.orm.jdbc.bind - binding parameter (1:BIGINT) <- [4]
2026-01-18 16:14:04 TRACE org.hibernate.orm.jdbc.bind - binding parameter (1:BIGINT) <- [3]
2026-01-18 16:14:44 TRACE org.hibernate.orm.jdbc.bind - binding parameter (1:INTEGER) <- [0]
2026-01-18 16:14:44 TRACE org.hibernate.orm.jdbc.bind - binding parameter (2:INTEGER) <- [10]
2026-01-18 16:14:44 TRACE org.hibernate.orm.jdbc.bind - binding parameter (1:BIGINT) <- [2]
2026-01-18 16:14:44 TRACE org.hibernate.orm.jdbc.bind - binding parameter (1:BIGINT) <- [4]
2026-01-18 16:14:44 TRACE org.hibernate.orm.jdbc.bind - binding parameter (1:BIGINT) <- [3]
2026-01-18 16:14:45 TRACE org.hibernate.orm.jdbc.bind - binding parameter (1:INTEGER) <- [4]
2026-01-18 16:14:47 TRACE org.hibernate.orm.jdbc.bind - binding parameter (1:INTEGER) <- [0]
2026-01-18 16:14:47 TRACE org.hibernate.orm.jdbc.bind - binding parameter (2:INTEGER) <- [10]
2026-01-18 16:14:47 TRACE org.hibernate.orm.jdbc.bind - binding parameter (1:BIGINT) <- [2]
2026-01-18 16:14:47 TRACE org.hibernate.orm.jdbc.bind - binding parameter (1:BIGINT) <- [4]
2026-01-18 16:14:47 TRACE org.hibernate.orm.jdbc.bind - binding parameter (1:BIGINT) <- [3]
2026-01-18 16:14:48 TRACE org.hibernate.orm.jdbc.bind - binding parameter (1:INTEGER) <- [4]
2026-01-18 16:14:49 TRACE org.hibernate.orm.jdbc.bind - binding parameter (1:INTEGER) <- [0]
2026-01-18 16:14:49 TRACE org.hibernate.orm.jdbc.bind - binding parameter (2:INTEGER) <- [10]
2026-01-18 16:14:49 TRACE org.hibernate.orm.jdbc.bind - binding parameter (1:BIGINT) <- [2]
2026-01-18 16:14:49 TRACE org.hibernate.orm.jdbc.bind - binding parameter (1:BIGINT) <- [4]
2026-01-18 16:14:49 TRACE org.hibernate.orm.jdbc.bind - binding parameter (1:BIGINT) <- [3]
2026-01-18 16:14:50 TRACE org.hibernate.orm.jdbc.bind - binding parameter (1:INTEGER) <- [4]
2026-01-18 16:15:00 TRACE org.hibernate.orm.jdbc.bind - binding parameter (1:INTEGER) <- [4]
2026-01-18 16:15:03 TRACE org.hibernate.orm.jdbc.bind - binding parameter (1:INTEGER) <- [0]
2026-01-18 16:15:03 TRACE org.hibernate.orm.jdbc.bind - binding parameter (2:INTEGER) <- [10]
2026-01-18 16:15:03 TRACE org.hibernate.orm.jdbc.bind - binding parameter (1:BIGINT) <- [2]
2026-01-18 16:15:03 TRACE org.hibernate.orm.jdbc.bind - binding parameter (1:BIGINT) <- [4]
2026-01-18 16:15:03 TRACE org.hibernate.orm.jdbc.bind - binding parameter (1:BIGINT) <- [3]
2026-01-18 16:15:19 TRACE org.hibernate.orm.jdbc.bind - binding parameter (1:INTEGER) <- [5]
2026-01-18 16:20:22 TRACE org.hibernate.orm.jdbc.bind - binding parameter (1:INTEGER) <- [5]
2026-01-18 16:20:31 TRACE org.hibernate.orm.jdbc.bind - binding parameter (1:INTEGER) <- [5]
2026-01-18 16:21:04 TRACE org.hibernate.orm.jdbc.bind - binding parameter (1:INTEGER) <- [5]
2026-01-18 16:21:18 TRACE org.hibernate.orm.jdbc.bind - binding parameter (1:INTEGER) <- [5]
2026-01-18 16:21:25 TRACE org.hibernate.orm.jdbc.bind - binding parameter (1:INTEGER) <- [5]
2026-01-18 16:21:30 TRACE org.hibernate.orm.jdbc.bind - binding parameter (1:INTEGER) <- [5]
2026-01-18 16:25:33 TRACE org.hibernate.orm.jdbc.bind - binding parameter (1:INTEGER) <- [2]
2026-01-18 16:25:33 WARN  o.s.w.s.m.m.a.ExceptionHandlerExceptionResolver - Resolved [StudentException(status=404 NOT_FOUND)]
2026-01-18 16:26:11 TRACE org.hibernate.orm.jdbc.bind - binding parameter (1:INTEGER) <- [5]
2026-01-18 16:26:11 TRACE org.hibernate.orm.jdbc.bind - binding parameter (1:BIGINT) <- [100]
2026-01-18 16:26:11 WARN  o.s.w.s.m.m.a.ExceptionHandlerExceptionResolver - Resolved [StudentException(status=404 NOT_FOUND)]
2026-01-18 16:26:39 TRACE org.hibernate.orm.jdbc.bind - binding parameter (1:INTEGER) <- [5]
2026-01-18 16:30:19 INFO  o.s.b.d.a.LocalDevToolsAutoConfiguration$RestartingClassPathChangeChangedEventListener - Restarting due to 2 class path changes (0 additions, 2 deletions, 0 modifications)
2026-01-18 16:30:19 INFO  o.s.boot.tomcat.GracefulShutdown - Commencing graceful shutdown. Waiting for active requests to complete
2026-01-18 16:30:19 INFO  o.a.coyote.http11.Http11NioProtocol - Pausing ProtocolHandler ["http-nio-8080"]
2026-01-18 16:30:19 INFO  o.s.boot.tomcat.GracefulShutdown - Graceful shutdown complete
2026-01-18 16:30:19 INFO  o.a.coyote.http11.Http11NioProtocol - Stopping ProtocolHandler ["http-nio-8080"]
2026-01-18 16:30:19 INFO  o.s.o.j.LocalContainerEntityManagerFactoryBean - Closing JPA EntityManagerFactory for persistence unit 'default'
2026-01-18 16:30:19 INFO  com.zaxxer.hikari.HikariDataSource - HikariPool-1 - Shutdown initiated...
2026-01-18 16:30:19 INFO  com.zaxxer.hikari.HikariDataSource - HikariPool-1 - Shutdown completed.
2026-01-18 16:30:19 INFO  c.s.s.StudentManagementApplication - Starting StudentManagementApplication using Java 21.0.9 with PID 24660 (C:\Abdul Gani Practice\Spring and Spring Boot\Spring boot Project\student_management_with_relationship\target\classes started by memon in C:\Abdul Gani Practice\Spring and Spring Boot\Spring boot Project\student_management_with_relationship)
2026-01-18 16:30:19 INFO  c.s.s.StudentManagementApplication - No active profile set, falling back to 1 default profile: "default"
2026-01-18 16:30:20 INFO  o.s.d.r.c.RepositoryConfigurationDelegate - Bootstrapping Spring Data JPA repositories in DEFAULT mode.
2026-01-18 16:30:20 INFO  o.s.d.r.c.RepositoryConfigurationDelegate - Finished Spring Data repository scanning in 41 ms. Found 2 JPA repository interfaces.
2026-01-18 16:30:20 INFO  o.s.boot.tomcat.TomcatWebServer - Tomcat initialized with port 8080 (http)
2026-01-18 16:30:20 INFO  o.a.coyote.http11.Http11NioProtocol - Initializing ProtocolHandler ["http-nio-8080"]
2026-01-18 16:30:20 INFO  o.a.catalina.core.StandardService - Starting service [Tomcat]
2026-01-18 16:30:20 INFO  o.a.catalina.core.StandardEngine - Starting Servlet engine: [Apache Tomcat/11.0.14]
2026-01-18 16:30:20 INFO  o.s.b.w.c.s.WebApplicationContextInitializer - Root WebApplicationContext: initialization completed in 995 ms
2026-01-18 16:30:21 INFO  o.h.jpa.internal.util.LogHelper - HHH000204: Processing PersistenceUnitInfo [name: default]
2026-01-18 16:30:21 INFO  o.s.o.j.p.SpringPersistenceUnitInfo - No LoadTimeWeaver setup: ignoring JPA class transformer
2026-01-18 16:30:21 INFO  com.zaxxer.hikari.HikariDataSource - HikariPool-2 - Starting...
2026-01-18 16:30:21 INFO  com.zaxxer.hikari.pool.HikariPool - HikariPool-2 - Added connection com.mysql.cj.jdbc.ConnectionImpl@a70bba8
2026-01-18 16:30:21 INFO  com.zaxxer.hikari.HikariDataSource - HikariPool-2 - Start completed.
2026-01-18 16:30:21 INFO  o.hibernate.orm.connections.pooling - HHH10001005: Database info:
	Database JDBC URL [jdbc:mysql://localhost:3306/student_management?createDatabaseIfNotExist=true]
	Database driver: MySQL Connector/J
	Database dialect: MySQLDialect
	Database version: 8.0.39
	Default catalog/schema: student_management/undefined
	Autocommit mode: undefined/unknown
	Isolation level: REPEATABLE_READ [default REPEATABLE_READ]
	JDBC fetch size: none
	Pool: DatasourceConnectionProviderImpl
	Minimum pool size: undefined/unknown
	Maximum pool size: undefined/unknown
2026-01-18 16:30:21 INFO  o.h.e.t.j.p.i.JtaPlatformInitiator - HHH000489: No JTA platform available (set 'hibernate.transaction.jta.platform' to enable JTA platform integration)
2026-01-18 16:30:21 INFO  o.s.o.j.LocalContainerEntityManagerFactoryBean - Initialized JPA EntityManagerFactory for persistence unit 'default'
2026-01-18 16:30:21 WARN  o.s.b.j.a.JpaBaseConfiguration$JpaWebConfiguration - spring.jpa.open-in-view is enabled by default. Therefore, database queries may be performed during view rendering. Explicitly configure spring.jpa.open-in-view to disable this warning
2026-01-18 16:30:22 INFO  o.a.coyote.http11.Http11NioProtocol - Starting ProtocolHandler ["http-nio-8080"]
2026-01-18 16:30:22 INFO  o.s.boot.tomcat.TomcatWebServer - Tomcat started on port 8080 (http) with context path '/'
2026-01-18 16:30:22 INFO  c.s.s.StudentManagementApplication - Started StudentManagementApplication in 2.272 seconds (process running for 73381.955)
2026-01-18 16:30:22 INFO  o.s.b.d.a.ConditionEvaluationDeltaLoggingListener - Condition evaluation unchanged
2026-01-18 16:30:23 INFO  o.s.b.d.a.LocalDevToolsAutoConfiguration$RestartingClassPathChangeChangedEventListener - Restarting due to 2 class path changes (2 additions, 0 deletions, 0 modifications)
2026-01-18 16:30:23 INFO  o.s.boot.tomcat.GracefulShutdown - Commencing graceful shutdown. Waiting for active requests to complete
2026-01-18 16:30:23 INFO  o.a.coyote.http11.Http11NioProtocol - Pausing ProtocolHandler ["http-nio-8080"]
2026-01-18 16:30:23 INFO  o.s.boot.tomcat.GracefulShutdown - Graceful shutdown complete
2026-01-18 16:30:23 INFO  o.a.coyote.http11.Http11NioProtocol - Stopping ProtocolHandler ["http-nio-8080"]
2026-01-18 16:30:23 INFO  o.s.o.j.LocalContainerEntityManagerFactoryBean - Closing JPA EntityManagerFactory for persistence unit 'default'
2026-01-18 16:30:24 INFO  com.zaxxer.hikari.HikariDataSource - HikariPool-2 - Shutdown initiated...
2026-01-18 16:30:24 INFO  com.zaxxer.hikari.HikariDataSource - HikariPool-2 - Shutdown completed.
2026-01-18 16:30:24 INFO  c.s.s.StudentManagementApplication - Starting StudentManagementApplication using Java 21.0.9 with PID 24660 (C:\Abdul Gani Practice\Spring and Spring Boot\Spring boot Project\student_management_with_relationship\target\classes started by memon in C:\Abdul Gani Practice\Spring and Spring Boot\Spring boot Project\student_management_with_relationship)
2026-01-18 16:30:24 INFO  c.s.s.StudentManagementApplication - No active profile set, falling back to 1 default profile: "default"
2026-01-18 16:30:24 INFO  o.s.d.r.c.RepositoryConfigurationDelegate - Bootstrapping Spring Data JPA repositories in DEFAULT mode.
2026-01-18 16:30:24 INFO  o.s.d.r.c.RepositoryConfigurationDelegate - Finished Spring Data repository scanning in 39 ms. Found 2 JPA repository interfaces.
2026-01-18 16:30:24 INFO  o.s.boot.tomcat.TomcatWebServer - Tomcat initialized with port 8080 (http)
2026-01-18 16:30:24 INFO  o.a.coyote.http11.Http11NioProtocol - Initializing ProtocolHandler ["http-nio-8080"]
2026-01-18 16:30:24 INFO  o.a.catalina.core.StandardService - Starting service [Tomcat]
2026-01-18 16:30:24 INFO  o.a.catalina.core.StandardEngine - Starting Servlet engine: [Apache Tomcat/11.0.14]
2026-01-18 16:30:24 INFO  o.s.b.w.c.s.WebApplicationContextInitializer - Root WebApplicationContext: initialization completed in 724 ms
2026-01-18 16:30:25 INFO  o.h.jpa.internal.util.LogHelper - HHH000204: Processing PersistenceUnitInfo [name: default]
2026-01-18 16:30:25 INFO  o.s.o.j.p.SpringPersistenceUnitInfo - No LoadTimeWeaver setup: ignoring JPA class transformer
2026-01-18 16:30:25 INFO  com.zaxxer.hikari.HikariDataSource - HikariPool-3 - Starting...
2026-01-18 16:30:25 INFO  com.zaxxer.hikari.pool.HikariPool - HikariPool-3 - Added connection com.mysql.cj.jdbc.ConnectionImpl@541d9217
2026-01-18 16:30:25 INFO  com.zaxxer.hikari.HikariDataSource - HikariPool-3 - Start completed.
2026-01-18 16:30:25 INFO  o.hibernate.orm.connections.pooling - HHH10001005: Database info:
	Database JDBC URL [jdbc:mysql://localhost:3306/student_management?createDatabaseIfNotExist=true]
	Database driver: MySQL Connector/J
	Database dialect: MySQLDialect
	Database version: 8.0.39
	Default catalog/schema: student_management/undefined
	Autocommit mode: undefined/unknown
	Isolation level: REPEATABLE_READ [default REPEATABLE_READ]
	JDBC fetch size: none
	Pool: DatasourceConnectionProviderImpl
	Minimum pool size: undefined/unknown
	Maximum pool size: undefined/unknown
2026-01-18 16:30:25 INFO  o.h.e.t.j.p.i.JtaPlatformInitiator - HHH000489: No JTA platform available (set 'hibernate.transaction.jta.platform' to enable JTA platform integration)
2026-01-18 16:30:25 INFO  o.s.o.j.LocalContainerEntityManagerFactoryBean - Initialized JPA EntityManagerFactory for persistence unit 'default'
2026-01-18 16:30:25 WARN  o.s.b.j.a.JpaBaseConfiguration$JpaWebConfiguration - spring.jpa.open-in-view is enabled by default. Therefore, database queries may be performed during view rendering. Explicitly configure spring.jpa.open-in-view to disable this warning
2026-01-18 16:30:25 INFO  o.a.coyote.http11.Http11NioProtocol - Starting ProtocolHandler ["http-nio-8080"]
2026-01-18 16:30:25 INFO  o.s.boot.tomcat.TomcatWebServer - Tomcat started on port 8080 (http) with context path '/'
2026-01-18 16:30:25 INFO  c.s.s.StudentManagementApplication - Started StudentManagementApplication in 1.715 seconds (process running for 73385.665)
2026-01-18 16:30:25 INFO  o.s.b.d.a.ConditionEvaluationDeltaLoggingListener - Condition evaluation unchanged
2026-01-18 16:33:12 INFO  o.a.c.c.C.[Tomcat].[localhost].[/] - Initializing Spring DispatcherServlet 'dispatcherServlet'
2026-01-18 16:33:12 INFO  o.s.web.servlet.DispatcherServlet - Initializing Servlet 'dispatcherServlet'
2026-01-18 16:33:12 INFO  o.s.web.servlet.DispatcherServlet - Completed initialization in 3 ms
2026-01-18 16:33:12 TRACE org.hibernate.orm.jdbc.bind - binding parameter (1:INTEGER) <- [5]
2026-01-18 16:33:27 TRACE org.hibernate.orm.jdbc.bind - binding parameter (1:INTEGER) <- [5]
2026-01-18 16:34:24 TRACE org.hibernate.orm.jdbc.bind - binding parameter (1:INTEGER) <- [5]
2026-01-18 16:42:07 TRACE org.hibernate.orm.jdbc.bind - binding parameter (1:INTEGER) <- [5]
2026-01-18 16:43:16 TRACE org.hibernate.orm.jdbc.bind - binding parameter (1:INTEGER) <- [5]
2026-01-18 16:43:42 TRACE org.hibernate.orm.jdbc.bind - binding parameter (1:INTEGER) <- [5]
2026-01-18 16:44:27 TRACE org.hibernate.orm.jdbc.bind - binding parameter (1:INTEGER) <- [5]
2026-01-18 16:44:28 TRACE org.hibernate.orm.jdbc.bind - binding parameter (1:INTEGER) <- [0]
2026-01-18 16:44:28 TRACE org.hibernate.orm.jdbc.bind - binding parameter (2:INTEGER) <- [10]
2026-01-18 16:44:28 TRACE org.hibernate.orm.jdbc.bind - binding parameter (1:BIGINT) <- [2]
2026-01-18 16:44:28 TRACE org.hibernate.orm.jdbc.bind - binding parameter (1:BIGINT) <- [4]
2026-01-18 16:44:28 TRACE org.hibernate.orm.jdbc.bind - binding parameter (1:BIGINT) <- [3]
2026-01-18 16:44:32 TRACE org.hibernate.orm.jdbc.bind - binding parameter (1:INTEGER) <- [5]
2026-01-18 16:44:49 TRACE org.hibernate.orm.jdbc.bind - binding parameter (1:INTEGER) <- [5]
2026-01-18 16:45:25 TRACE org.hibernate.orm.jdbc.bind - binding parameter (1:INTEGER) <- [5]
2026-01-18 16:45:32 TRACE org.hibernate.orm.jdbc.bind - binding parameter (1:INTEGER) <- [5]
2026-01-18 16:45:34 TRACE org.hibernate.orm.jdbc.bind - binding parameter (1:INTEGER) <- [5]
2026-01-18 16:46:02 TRACE org.hibernate.orm.jdbc.bind - binding parameter (1:INTEGER) <- [5]
2026-01-18 16:46:02 TRACE org.hibernate.orm.jdbc.bind - binding parameter (1:BIGINT) <- [7]
2026-01-18 16:46:02 TRACE org.hibernate.orm.jdbc.bind - binding parameter (1:VARCHAR) <- [Kharghar]
2026-01-18 16:46:02 TRACE org.hibernate.orm.jdbc.bind - binding parameter (2:INTEGER) <- [25]
2026-01-18 16:46:02 TRACE org.hibernate.orm.jdbc.bind - binding parameter (3:BIGINT) <- [7]
2026-01-18 16:46:02 TRACE org.hibernate.orm.jdbc.bind - binding parameter (4:VARCHAR) <- [abdul@gmail.com]
2026-01-18 16:46:02 TRACE org.hibernate.orm.jdbc.bind - binding parameter (5:VARCHAR) <- [Memon]
2026-01-18 16:46:02 TRACE org.hibernate.orm.jdbc.bind - binding parameter (6:VARCHAR) <- [Male]
2026-01-18 16:46:02 TRACE org.hibernate.orm.jdbc.bind - binding parameter (7:VARCHAR) <- [Abdul Gani]
2026-01-18 16:46:02 TRACE org.hibernate.orm.jdbc.bind - binding parameter (8:DOUBLE) <- [15.5]
2026-01-18 16:46:02 TRACE org.hibernate.orm.jdbc.bind - binding parameter (9:TIMESTAMP) <- [2026-01-18T16:46:02.449106200]
2026-01-18 16:46:02 TRACE org.hibernate.orm.jdbc.bind - binding parameter (10:VARCHAR) <- [MEMON ABDUL GANI]
2026-01-18 16:46:02 TRACE org.hibernate.orm.jdbc.bind - binding parameter (11:INTEGER) <- [5]
2026-01-18 16:46:05 TRACE org.hibernate.orm.jdbc.bind - binding parameter (1:INTEGER) <- [5]
2026-01-18 16:46:09 TRACE org.hibernate.orm.jdbc.bind - binding parameter (1:INTEGER) <- [5]
2026-01-18 16:46:13 TRACE org.hibernate.orm.jdbc.bind - binding parameter (1:INTEGER) <- [5]
2026-01-18 16:46:13 TRACE org.hibernate.orm.jdbc.bind - binding parameter (1:BIGINT) <- [2]
2026-01-18 16:46:13 TRACE org.hibernate.orm.jdbc.bind - binding parameter (1:VARCHAR) <- [Kharghar]
2026-01-18 16:46:13 TRACE org.hibernate.orm.jdbc.bind - binding parameter (2:INTEGER) <- [25]
2026-01-18 16:46:13 TRACE org.hibernate.orm.jdbc.bind - binding parameter (3:BIGINT) <- [2]
2026-01-18 16:46:13 TRACE org.hibernate.orm.jdbc.bind - binding parameter (4:VARCHAR) <- [abdul@gmail.com]
2026-01-18 16:46:13 TRACE org.hibernate.orm.jdbc.bind - binding parameter (5:VARCHAR) <- [Memon]
2026-01-18 16:46:13 TRACE org.hibernate.orm.jdbc.bind - binding parameter (6:VARCHAR) <- [Male]
2026-01-18 16:46:13 TRACE org.hibernate.orm.jdbc.bind - binding parameter (7:VARCHAR) <- [Abdul Gani]
2026-01-18 16:46:13 TRACE org.hibernate.orm.jdbc.bind - binding parameter (8:DOUBLE) <- [15.5]
2026-01-18 16:46:13 TRACE org.hibernate.orm.jdbc.bind - binding parameter (9:TIMESTAMP) <- [2026-01-18T16:46:13.498208300]
2026-01-18 16:46:13 TRACE org.hibernate.orm.jdbc.bind - binding parameter (10:VARCHAR) <- [MEMON ABDUL GANI]
2026-01-18 16:46:13 TRACE org.hibernate.orm.jdbc.bind - binding parameter (11:INTEGER) <- [5]
2026-01-18 16:46:14 TRACE org.hibernate.orm.jdbc.bind - binding parameter (1:INTEGER) <- [5]
2026-01-18 16:46:19 TRACE org.hibernate.orm.jdbc.bind - binding parameter (1:INTEGER) <- [0]
2026-01-18 16:46:19 TRACE org.hibernate.orm.jdbc.bind - binding parameter (2:INTEGER) <- [10]
2026-01-18 16:46:19 TRACE org.hibernate.orm.jdbc.bind - binding parameter (1:BIGINT) <- [2]
2026-01-18 16:46:19 TRACE org.hibernate.orm.jdbc.bind - binding parameter (1:BIGINT) <- [4]
2026-01-18 16:46:20 TRACE org.hibernate.orm.jdbc.bind - binding parameter (1:INTEGER) <- [10]
2026-01-18 16:46:22 TRACE org.hibernate.orm.jdbc.bind - binding parameter (1:INTEGER) <- [10]
2026-01-18 16:46:28 TRACE org.hibernate.orm.jdbc.bind - binding parameter (1:INTEGER) <- [10]
2026-01-18 16:46:28 TRACE org.hibernate.orm.jdbc.bind - binding parameter (1:BIGINT) <- [4]
2026-01-18 16:46:28 TRACE org.hibernate.orm.jdbc.bind - binding parameter (1:VARCHAR) <- [Royal Palace, Office No. 102-105, SPRK Technologies]
2026-01-18 16:46:28 TRACE org.hibernate.orm.jdbc.bind - binding parameter (2:INTEGER) <- [35]
2026-01-18 16:46:28 TRACE org.hibernate.orm.jdbc.bind - binding parameter (3:BIGINT) <- [4]
2026-01-18 16:46:28 TRACE org.hibernate.orm.jdbc.bind - binding parameter (4:VARCHAR) <- [memonabdulgani786@gmail.com]
2026-01-18 16:46:28 TRACE org.hibernate.orm.jdbc.bind - binding parameter (5:VARCHAR) <- [Abdul]
2026-01-18 16:46:28 TRACE org.hibernate.orm.jdbc.bind - binding parameter (6:VARCHAR) <- [Male]
2026-01-18 16:46:28 TRACE org.hibernate.orm.jdbc.bind - binding parameter (7:VARCHAR) <- [Memon]
2026-01-18 16:46:28 TRACE org.hibernate.orm.jdbc.bind - binding parameter (8:DOUBLE) <- [85.0]
2026-01-18 16:46:28 TRACE org.hibernate.orm.jdbc.bind - binding parameter (9:TIMESTAMP) <- [2026-01-18T16:46:28.383090300]
2026-01-18 16:46:28 TRACE org.hibernate.orm.jdbc.bind - binding parameter (10:VARCHAR) <- [MEMON ABDUL GANI]
2026-01-18 16:46:28 TRACE org.hibernate.orm.jdbc.bind - binding parameter (11:INTEGER) <- [10]
2026-01-18 16:46:30 TRACE org.hibernate.orm.jdbc.bind - binding parameter (1:INTEGER) <- [10]
2026-01-18 16:46:40 TRACE org.hibernate.orm.jdbc.bind - binding parameter (1:INTEGER) <- [0]
2026-01-18 16:46:40 TRACE org.hibernate.orm.jdbc.bind - binding parameter (2:INTEGER) <- [10]
2026-01-18 16:46:40 TRACE org.hibernate.orm.jdbc.bind - binding parameter (1:BIGINT) <- [2]
2026-01-18 16:46:40 TRACE org.hibernate.orm.jdbc.bind - binding parameter (1:BIGINT) <- [4]
2026-01-18 16:46:42 TRACE org.hibernate.orm.jdbc.bind - binding parameter (1:INTEGER) <- [1]
2026-01-18 16:46:44 TRACE org.hibernate.orm.jdbc.bind - binding parameter (1:INTEGER) <- [0]
2026-01-18 16:46:44 TRACE org.hibernate.orm.jdbc.bind - binding parameter (2:INTEGER) <- [10]
2026-01-18 16:46:44 TRACE org.hibernate.orm.jdbc.bind - binding parameter (1:BIGINT) <- [2]
2026-01-18 16:46:44 TRACE org.hibernate.orm.jdbc.bind - binding parameter (1:BIGINT) <- [4]
2026-01-18 16:46:46 TRACE org.hibernate.orm.jdbc.bind - binding parameter (1:INTEGER) <- [9]
2026-01-18 16:46:47 TRACE org.hibernate.orm.jdbc.bind - binding parameter (1:INTEGER) <- [9]
2026-01-18 16:46:50 TRACE org.hibernate.orm.jdbc.bind - binding parameter (1:INTEGER) <- [9]
2026-01-18 16:46:50 TRACE org.hibernate.orm.jdbc.bind - binding parameter (1:BIGINT) <- [6]
2026-01-18 16:46:50 TRACE org.hibernate.orm.jdbc.bind - binding parameter (1:VARCHAR) <- [Mumbai]
2026-01-18 16:46:50 TRACE org.hibernate.orm.jdbc.bind - binding parameter (2:INTEGER) <- [30]
2026-01-18 16:46:50 TRACE org.hibernate.orm.jdbc.bind - binding parameter (3:BIGINT) <- [6]
2026-01-18 16:46:50 TRACE org.hibernate.orm.jdbc.bind - binding parameter (4:VARCHAR) <- [memonabdulgani3d@gmail.com]
2026-01-18 16:46:50 TRACE org.hibernate.orm.jdbc.bind - binding parameter (5:VARCHAR) <- [MEMON]
2026-01-18 16:46:50 TRACE org.hibernate.orm.jdbc.bind - binding parameter (6:VARCHAR) <- [null]
2026-01-18 16:46:50 TRACE org.hibernate.orm.jdbc.bind - binding parameter (7:VARCHAR) <- [ABDUL GANI]
2026-01-18 16:46:50 TRACE org.hibernate.orm.jdbc.bind - binding parameter (8:DOUBLE) <- [60.0]
2026-01-18 16:46:50 TRACE org.hibernate.orm.jdbc.bind - binding parameter (9:TIMESTAMP) <- [2026-01-18T16:46:50.942357400]
2026-01-18 16:46:50 TRACE org.hibernate.orm.jdbc.bind - binding parameter (10:VARCHAR) <- [MEMON ABDUL GANI]
2026-01-18 16:46:50 TRACE org.hibernate.orm.jdbc.bind - binding parameter (11:INTEGER) <- [9]
2026-01-18 16:46:52 TRACE org.hibernate.orm.jdbc.bind - binding parameter (1:INTEGER) <- [9]
2026-01-18 16:46:56 TRACE org.hibernate.orm.jdbc.bind - binding parameter (1:INTEGER) <- [9]
2026-01-18 16:47:09 TRACE org.hibernate.orm.jdbc.bind - binding parameter (1:INTEGER) <- [0]
2026-01-18 16:47:09 WARN  o.s.w.s.m.m.a.ExceptionHandlerExceptionResolver - Resolved [StudentException(status=404 NOT_FOUND)]
2026-01-18 16:47:32 TRACE org.hibernate.orm.jdbc.bind - binding parameter (1:INTEGER) <- [0]
2026-01-18 16:47:32 TRACE org.hibernate.orm.jdbc.bind - binding parameter (2:INTEGER) <- [10]
2026-01-18 16:47:32 TRACE org.hibernate.orm.jdbc.bind - binding parameter (1:BIGINT) <- [2]
2026-01-18 16:47:32 TRACE org.hibernate.orm.jdbc.bind - binding parameter (1:BIGINT) <- [4]
2026-01-18 16:47:32 TRACE org.hibernate.orm.jdbc.bind - binding parameter (1:BIGINT) <- [6]
2026-01-18 16:47:33 TRACE org.hibernate.orm.jdbc.bind - binding parameter (1:INTEGER) <- [4]
2026-01-18 16:47:35 TRACE org.hibernate.orm.jdbc.bind - binding parameter (1:INTEGER) <- [4]
2026-01-18 16:47:43 TRACE org.hibernate.orm.jdbc.bind - binding parameter (1:INTEGER) <- [4]
2026-01-18 16:47:44 TRACE org.hibernate.orm.jdbc.bind - binding parameter (1:INTEGER) <- [4]
2026-01-18 16:47:54 TRACE org.hibernate.orm.jdbc.bind - binding parameter (1:INTEGER) <- [0]
2026-01-18 16:47:54 TRACE org.hibernate.orm.jdbc.bind - binding parameter (2:INTEGER) <- [10]
2026-01-18 16:47:54 TRACE org.hibernate.orm.jdbc.bind - binding parameter (1:BIGINT) <- [2]
2026-01-18 16:47:54 TRACE org.hibernate.orm.jdbc.bind - binding parameter (1:BIGINT) <- [4]
2026-01-18 16:47:54 TRACE org.hibernate.orm.jdbc.bind - binding parameter (1:BIGINT) <- [6]
2026-01-18 16:47:56 TRACE org.hibernate.orm.jdbc.bind - binding parameter (1:INTEGER) <- [0]
2026-01-18 16:47:56 WARN  o.s.w.s.m.m.a.ExceptionHandlerExceptionResolver - Resolved [StudentException(status=404 NOT_FOUND)]
2026-01-18 16:48:07 TRACE org.hibernate.orm.jdbc.bind - binding parameter (1:INTEGER) <- [0]
2026-01-18 16:48:07 WARN  o.s.w.s.m.m.a.ExceptionHandlerExceptionResolver - Resolved [StudentException(status=404 NOT_FOUND)]
2026-01-18 16:48:52 TRACE org.hibernate.orm.jdbc.bind - binding parameter (1:INTEGER) <- [0]
2026-01-18 16:48:52 WARN  o.s.w.s.m.m.a.ExceptionHandlerExceptionResolver - Resolved [StudentException(status=404 NOT_FOUND)]
2026-01-18 16:48:56 TRACE org.hibernate.orm.jdbc.bind - binding parameter (1:INTEGER) <- [0]
2026-01-18 16:48:56 WARN  o.s.w.s.m.m.a.ExceptionHandlerExceptionResolver - Resolved [StudentException(status=404 NOT_FOUND)]
2026-01-18 16:49:18 TRACE org.hibernate.orm.jdbc.bind - binding parameter (1:INTEGER) <- [0]
2026-01-18 16:49:18 WARN  o.s.w.s.m.m.a.ExceptionHandlerExceptionResolver - Resolved [StudentException(status=404 NOT_FOUND)]
2026-01-18 16:49:22 TRACE org.hibernate.orm.jdbc.bind - binding parameter (1:INTEGER) <- [0]
2026-01-18 16:49:22 WARN  o.s.w.s.m.m.a.ExceptionHandlerExceptionResolver - Resolved [StudentException(status=404 NOT_FOUND)]
2026-01-18 16:49:37 TRACE org.hibernate.orm.jdbc.bind - binding parameter (1:INTEGER) <- [4]
2026-01-18 16:49:44 TRACE org.hibernate.orm.jdbc.bind - binding parameter (1:INTEGER) <- [4]
2026-01-18 16:50:05 TRACE org.hibernate.orm.jdbc.bind - binding parameter (1:INTEGER) <- [4]
2026-01-18 16:50:08 TRACE org.hibernate.orm.jdbc.bind - binding parameter (1:INTEGER) <- [4]
2026-01-18 16:50:08 TRACE org.hibernate.orm.jdbc.bind - binding parameter (1:BIGINT) <- [6]
2026-01-18 16:50:08 TRACE org.hibernate.orm.jdbc.bind - binding parameter (1:VARCHAR) <- [CSMT]
2026-01-18 16:50:08 TRACE org.hibernate.orm.jdbc.bind - binding parameter (2:INTEGER) <- [30]
2026-01-18 16:50:08 TRACE org.hibernate.orm.jdbc.bind - binding parameter (3:BIGINT) <- [6]
2026-01-18 16:50:08 TRACE org.hibernate.orm.jdbc.bind - binding parameter (4:VARCHAR) <- [shrutigupta@gmail.com]
2026-01-18 16:50:08 TRACE org.hibernate.orm.jdbc.bind - binding parameter (5:VARCHAR) <- [Shruti]
2026-01-18 16:50:08 TRACE org.hibernate.orm.jdbc.bind - binding parameter (6:VARCHAR) <- [Female]
2026-01-18 16:50:08 TRACE org.hibernate.orm.jdbc.bind - binding parameter (7:VARCHAR) <- [Gupta]
2026-01-18 16:50:08 TRACE org.hibernate.orm.jdbc.bind - binding parameter (8:DOUBLE) <- [86.5]
2026-01-18 16:50:08 TRACE org.hibernate.orm.jdbc.bind - binding parameter (9:TIMESTAMP) <- [2026-01-18T16:50:08.953228500]
2026-01-18 16:50:08 TRACE org.hibernate.orm.jdbc.bind - binding parameter (10:VARCHAR) <- [MEMON ABDUL GANI]
2026-01-18 16:50:08 TRACE org.hibernate.orm.jdbc.bind - binding parameter (11:INTEGER) <- [4]
2026-01-18 16:50:09 TRACE org.hibernate.orm.jdbc.bind - binding parameter (1:INTEGER) <- [4]
2026-01-18 16:50:16 TRACE org.hibernate.orm.jdbc.bind - binding parameter (1:INTEGER) <- [0]
2026-01-18 16:50:16 TRACE org.hibernate.orm.jdbc.bind - binding parameter (2:INTEGER) <- [10]
2026-01-18 16:50:16 TRACE org.hibernate.orm.jdbc.bind - binding parameter (1:BIGINT) <- [2]
2026-01-18 16:50:16 TRACE org.hibernate.orm.jdbc.bind - binding parameter (1:BIGINT) <- [6]
2026-01-18 16:50:16 TRACE org.hibernate.orm.jdbc.bind - binding parameter (1:BIGINT) <- [4]
2026-01-18 16:50:50 TRACE org.hibernate.orm.jdbc.bind - binding parameter (1:INTEGER) <- [0]
2026-01-18 16:50:50 TRACE org.hibernate.orm.jdbc.bind - binding parameter (2:INTEGER) <- [10]
2026-01-18 16:50:50 TRACE org.hibernate.orm.jdbc.bind - binding parameter (1:BIGINT) <- [2]
2026-01-18 16:50:50 TRACE org.hibernate.orm.jdbc.bind - binding parameter (1:BIGINT) <- [6]
2026-01-18 16:50:50 TRACE org.hibernate.orm.jdbc.bind - binding parameter (1:BIGINT) <- [4]
2026-01-18 16:51:04 TRACE org.hibernate.orm.jdbc.bind - binding parameter (1:INTEGER) <- [0]
2026-01-18 16:51:04 TRACE org.hibernate.orm.jdbc.bind - binding parameter (2:INTEGER) <- [10]
2026-01-18 16:51:04 TRACE org.hibernate.orm.jdbc.bind - binding parameter (1:BIGINT) <- [2]
2026-01-18 16:51:04 TRACE org.hibernate.orm.jdbc.bind - binding parameter (1:BIGINT) <- [6]
2026-01-18 16:51:04 TRACE org.hibernate.orm.jdbc.bind - binding parameter (1:BIGINT) <- [4]
2026-01-18 16:51:19 TRACE org.hibernate.orm.jdbc.bind - binding parameter (1:INTEGER) <- [0]
2026-01-18 16:51:19 TRACE org.hibernate.orm.jdbc.bind - binding parameter (2:INTEGER) <- [10]
2026-01-18 16:51:19 TRACE org.hibernate.orm.jdbc.bind - binding parameter (1:BIGINT) <- [2]
2026-01-18 16:51:19 TRACE org.hibernate.orm.jdbc.bind - binding parameter (1:BIGINT) <- [6]
2026-01-18 16:51:19 TRACE org.hibernate.orm.jdbc.bind - binding parameter (1:BIGINT) <- [4]
2026-01-18 16:51:27 INFO  o.s.boot.tomcat.GracefulShutdown - Commencing graceful shutdown. Waiting for active requests to complete
2026-01-18 16:51:27 INFO  o.s.boot.tomcat.GracefulShutdown - Graceful shutdown complete
2026-01-18 16:51:27 INFO  o.s.o.j.LocalContainerEntityManagerFactoryBean - Closing JPA EntityManagerFactory for persistence unit 'default'
2026-01-18 16:51:27 INFO  com.zaxxer.hikari.HikariDataSource - HikariPool-3 - Shutdown initiated...
2026-01-18 16:51:27 INFO  com.zaxxer.hikari.HikariDataSource - HikariPool-3 - Shutdown completed.
